<?xml version="1.0" encoding="UTF-8"?>
<!-- Generated by org.testng.reporters.JUnitReportReporter -->
<testsuite skipped="0" hostname="DESKTOP-QUP6CH1" name="com.testcases.BrokenLinkTest" tests="1" failures="0" timestamp="2021-03-02T22:11:22 CST" time="144.600" errors="0">
  <testcase name="FindBrokenLinksTest" time="144.600" classname="com.testcases.BrokenLinkTest"/>
  <system-out/>
</testsuite> <!-- com.testcases.BrokenLinkTest -->
